0 info it worked if it ends with ok
1 verbose cli [ 'node', '/usr/local/bin/npm', 'version', 'minor' ]
2 info using npm@1.4.9
3 info using node@v0.10.28
4 verbose node symlink /usr/local/bin/node
5 error Error: Command failed: fatal: tag 'v0.4.0' already exists
5 error
5 error     at ChildProcess.exithandler (child_process.js:647:15)
5 error     at ChildProcess.EventEmitter.emit (events.js:98:17)
5 error     at maybeClose (child_process.js:753:16)
5 error     at Socket.<anonymous> (child_process.js:966:11)
5 error     at Socket.EventEmitter.emit (events.js:95:17)
5 error     at Pipe.close (net.js:465:12)
6 error If you need help, you may report this *entire* log,
6 error including the npm and node versions, at:
6 error     <http://github.com/npm/npm/issues>
7 error System Darwin 13.3.0
8 error command "node" "/usr/local/bin/npm" "version" "minor"
9 error cwd /Users/mohsen/apigee/yaml2
10 error node -v v0.10.28
11 error npm -v 1.4.9
12 error code 128
13 verbose exit [ 1, true ]
